<?xml version="1.0" encoding="UTF-8"?>
<testng-results skipped="0" failed="0" total="1" passed="1">
  <reporter-output>
  </reporter-output>
  <suite name="Default suite" duration-ms="10887" started-at="2022-04-12T09:53:13Z" finished-at="2022-04-12T09:53:24Z">
    <groups>
    </groups>
    <test name="Default test" duration-ms="10887" started-at="2022-04-12T09:53:13Z" finished-at="2022-04-12T09:53:24Z">
      <class name="pominselenium.DemoLoginVerify">
        <test-method status="PASS" signature="TestUser()[pri:0, instance:pominselenium.DemoLoginVerify@64c64813]" name="TestUser" duration-ms="10873" started-at="2022-04-12T15:23:13Z" finished-at="2022-04-12T15:23:24Z">
          <reporter-output>
          </reporter-output>
        </test-method> <!-- TestUser -->
      </class> <!-- pominselenium.DemoLoginVerify -->
    </test> <!-- Default test -->
  </suite> <!-- Default suite -->
</testng-results>
